<?xml version="1.0" encoding="UTF-8"?>
<coverage generated="1677621155630" clover="3.2.0">
  <project timestamp="1677621155631" name="All files">
    <metrics statements="22" coveredstatements="11" conditionals="10" coveredconditionals="4" methods="6" coveredmethods="4" elements="38" coveredelements="19" complexity="0" loc="22" ncloc="22" packages="1" files="1" classes="1"/>
    <file name="user_service.js" path="/media/daniel_/HD/Biblioteca_GCC188/Saci/Codigo/Services/user_service.js">
      <metrics statements="22" coveredstatements="11" conditionals="10" coveredconditionals="4" methods="6" coveredmethods="4"/>
      <line num="5" count="0" type="stmt"/>
      <line num="10" count="5" type="stmt"/>
      <line num="15" count="2" type="stmt"/>
      <line num="17" count="2" type="cond" truecount="2" falsecount="0"/>
      <line num="19" count="1" type="stmt"/>
      <line num="23" count="1" type="stmt"/>
      <line num="29" count="1" type="stmt"/>
      <line num="32" count="1" type="cond" truecount="1" falsecount="1"/>
      <line num="34" count="1" type="stmt"/>
      <line num="38" count="0" type="stmt"/>
      <line num="44" count="1" type="stmt"/>
      <line num="46" count="1" type="cond" truecount="1" falsecount="1"/>
      <line num="48" count="1" type="stmt"/>
      <line num="52" count="0" type="stmt"/>
      <line num="59" count="0" type="stmt"/>
      <line num="60" count="0" type="cond" truecount="0" falsecount="2"/>
      <line num="61" count="0" type="stmt"/>
      <line num="62" count="0" type="stmt"/>
      <line num="63" count="0" type="cond" truecount="0" falsecount="2"/>
      <line num="64" count="0" type="stmt"/>
      <line num="66" count="0" type="stmt"/>
      <line num="69" count="0" type="stmt"/>
    </file>
  </project>
</coverage>
