{"/media/daniel_/HD/Biblioteca_GCC188/Saci/Codigo/Services/user_service.js": {"path":"/media/daniel_/HD/Biblioteca_GCC188/Saci/Codigo/Services/user_service.js","statementMap":{"0":{"start":{"line":5,"column":4},"end":{"line":5,"column":44}},"1":{"start":{"line":10,"column":4},"end":{"line":10,"column":44}},"2":{"start":{"line":15,"column":18},"end":{"line":15,"column":39}},"3":{"start":{"line":17,"column":4},"end":{"line":24,"column":5}},"4":{"start":{"line":19,"column":8},"end":{"line":19,"column":74}},"5":{"start":{"line":23,"column":8},"end":{"line":23,"column":20}},"6":{"start":{"line":29,"column":18},"end":{"line":29,"column":39}},"7":{"start":{"line":32,"column":4},"end":{"line":39,"column":5}},"8":{"start":{"line":34,"column":8},"end":{"line":34,"column":48}},"9":{"start":{"line":38,"column":8},"end":{"line":38,"column":39}},"10":{"start":{"line":44,"column":18},"end":{"line":44,"column":39}},"11":{"start":{"line":46,"column":4},"end":{"line":53,"column":5}},"12":{"start":{"line":48,"column":8},"end":{"line":48,"column":71}},"13":{"start":{"line":52,"column":8},"end":{"line":52,"column":20}},"14":{"start":{"line":59,"column":17},"end":{"line":59,"column":58}},"15":{"start":{"line":60,"column":4},"end":{"line":70,"column":5}},"16":{"start":{"line":61,"column":24},"end":{"line":61,"column":40}},"17":{"start":{"line":62,"column":8},"end":{"line":62,"column":38}},"18":{"start":{"line":63,"column":7},"end":{"line":67,"column":9}},"19":{"start":{"line":64,"column":12},"end":{"line":64,"column":24}},"20":{"start":{"line":66,"column":12},"end":{"line":66,"column":29}},"21":{"start":{"line":69,"column":8},"end":{"line":69,"column":20}}},"fnMap":{"0":{"name":"get_all_users","decl":{"start":{"line":3,"column":15},"end":{"line":3,"column":28}},"loc":{"start":{"line":4,"column":0},"end":{"line":6,"column":1}},"line":4},"1":{"name":"get_user","decl":{"start":{"line":8,"column":15},"end":{"line":8,"column":23}},"loc":{"start":{"line":9,"column":0},"end":{"line":11,"column":1}},"line":9},"2":{"name":"create_user","decl":{"start":{"line":13,"column":15},"end":{"line":13,"column":26}},"loc":{"start":{"line":14,"column":0},"end":{"line":25,"column":1}},"line":14},"3":{"name":"del_user","decl":{"start":{"line":27,"column":15},"end":{"line":27,"column":23}},"loc":{"start":{"line":28,"column":0},"end":{"line":40,"column":1}},"line":28},"4":{"name":"upt_user","decl":{"start":{"line":42,"column":15},"end":{"line":42,"column":23}},"loc":{"start":{"line":43,"column":0},"end":{"line":55,"column":1}},"line":43},"5":{"name":"login_user","decl":{"start":{"line":57,"column":15},"end":{"line":57,"column":25}},"loc":{"start":{"line":57,"column":40},"end":{"line":71,"column":1}},"line":57}},"branchMap":{"0":{"loc":{"start":{"line":17,"column":4},"end":{"line":24,"column":5}},"type":"if","locations":[{"start":{"line":17,"column":4},"end":{"line":24,"column":5}},{"start":{"line":22,"column":4},"end":{"line":24,"column":5}}],"line":17},"1":{"loc":{"start":{"line":32,"column":4},"end":{"line":39,"column":5}},"type":"if","locations":[{"start":{"line":32,"column":4},"end":{"line":39,"column":5}},{"start":{"line":37,"column":4},"end":{"line":39,"column":5}}],"line":32},"2":{"loc":{"start":{"line":46,"column":4},"end":{"line":53,"column":5}},"type":"if","locations":[{"start":{"line":46,"column":4},"end":{"line":53,"column":5}},{"start":{"line":51,"column":4},"end":{"line":53,"column":5}}],"line":46},"3":{"loc":{"start":{"line":60,"column":4},"end":{"line":70,"column":5}},"type":"if","locations":[{"start":{"line":60,"column":4},"end":{"line":70,"column":5}},{"start":{"line":68,"column":9},"end":{"line":70,"column":5}}],"line":60},"4":{"loc":{"start":{"line":63,"column":7},"end":{"line":67,"column":9}},"type":"if","locations":[{"start":{"line":63,"column":7},"end":{"line":67,"column":9}},{"start":{"line":65,"column":13},"end":{"line":67,"column":9}}],"line":63}},"s":{"0":0,"1":5,"2":2,"3":2,"4":1,"5":1,"6":1,"7":1,"8":1,"9":0,"10":1,"11":1,"12":1,"13":0,"14":0,"15":0,"16":0,"17":0,"18":0,"19":0,"20":0,"21":0},"f":{"0":0,"1":5,"2":2,"3":1,"4":1,"5":0},"b":{"0":[1,1],"1":[1,0],"2":[1,0],"3":[0,0],"4":[0,0]},"_coverageSchema":"1a1c01bbd47fc00a2c39e90264f33305004495a9","hash":"2a432967096ae58c92718c232b59aec8a7c4e119"}
}
