TN:
SF:Services/user_service.js
FN:3,get_all_users
FN:8,get_user
FN:13,create_user
FN:27,del_user
FN:42,upt_user
FN:57,login_user
FNF:6
FNH:4
FNDA:0,get_all_users
FNDA:5,get_user
FNDA:2,create_user
FNDA:1,del_user
FNDA:1,upt_user
FNDA:0,login_user
DA:5,0
DA:10,5
DA:15,2
DA:17,2
DA:19,1
DA:23,1
DA:29,1
DA:32,1
DA:34,1
DA:38,0
DA:44,1
DA:46,1
DA:48,1
DA:52,0
DA:59,0
DA:60,0
DA:61,0
DA:62,0
DA:63,0
DA:64,0
DA:66,0
DA:69,0
LF:22
LH:11
BRDA:17,0,0,1
BRDA:17,0,1,1
BRDA:32,1,0,1
BRDA:32,1,1,0
BRDA:46,2,0,1
BRDA:46,2,1,0
BRDA:60,3,0,0
BRDA:60,3,1,0
BRDA:63,4,0,0
BRDA:63,4,1,0
BRF:10
BRH:4
end_of_record
